* using log directory ‘/Users/florianhollenbach/Documents/GitHub/EBMA/EBMAforecast.Rcheck’
* using R version 3.6.1 (2019-07-05)
* using platform: x86_64-apple-darwin18.6.0 (64-bit)
* using session charset: UTF-8
* using options ‘--no-manual --as-cran’
* checking for file ‘EBMAforecast/DESCRIPTION’ ... OK
* checking extension type ... Package
* this is package ‘EBMAforecast’ version ‘1.1.0’
* package encoding: UTF-8
* checking package namespace information ... OK
* checking package dependencies ... OK
* checking if this is a source package ... OK
* checking if there is a namespace ... OK
* checking for executable files ... OK
* checking for hidden files and directories ... OK
* checking for portable file names ... OK
* checking for sufficient/correct file permissions ... OK
* checking serialization versions ... OK
* checking whether package ‘EBMAforecast’ can be installed ... OK
* checking installed package size ... OK
* checking package directory ... OK
* checking for future file timestamps ... OK
* checking DESCRIPTION meta-information ... OK
* checking top-level files ... OK
* checking for left-over files ... OK
* checking index information ... WARNING
Empty or missing file ‘demo/00Index’.
See sections ‘The INDEX file’ and ‘Package subdirectories’ in the
‘Writing R Extensions’ manual.
* checking package subdirectories ... OK
* checking R files for non-ASCII characters ... OK
* checking R files for syntax errors ... OK
* checking whether the package can be loaded ... OK
* checking whether the package can be loaded with stated dependencies ... OK
* checking whether the package can be unloaded cleanly ...